<?xml version="1.0" encoding="UTF-8"?>
<!-- Generated by org.testng.reporters.JUnitReportReporter -->
<testsuite hostname="SLTB214" failures="0" tests="1" name="testcases.loginTest" time="16.040" errors="0" timestamp="2025-07-01T14:01:10 IST" skipped="0">
  <testcase classname="testcases.loginTest" name="testLogin" time="16.040"/>
</testsuite> <!-- testcases.loginTest -->
